<?xml version="1.0" encoding="UTF-8"?>
<coverage generated="1569529115145" clover="3.2.0">
  <project timestamp="1569529115145" name="All files">
    <metrics statements="22" coveredstatements="21" conditionals="14" coveredconditionals="10" methods="10" coveredmethods="10" elements="46" coveredelements="41" complexity="0" loc="22" ncloc="22" packages="1" files="1" classes="1">
      <file name="data.js" path="C:\Users\let_l\sap003-git\SAP003-data-lovers\src\data.js">
        <metrics statements="22" coveredstatements="21" conditionals="14" coveredconditionals="10" methods="10" coveredmethods="10"/>
        <line num="1" count="1" type="stmt"/>
        <line num="4" count="1" type="stmt"/>
        <line num="5" count="5" type="stmt"/>
        <line num="9" count="2" type="cond" truecount="2" falsecount="0"/>
        <line num="10" count="8" type="stmt"/>
        <line num="12" count="1" type="cond" truecount="1" falsecount="1"/>
        <line num="13" count="8" type="stmt"/>
        <line num="18" count="2" type="stmt"/>
        <line num="19" count="2" type="stmt"/>
        <line num="20" count="6" type="cond" truecount="2" falsecount="0"/>
        <line num="21" count="2" type="stmt"/>
        <line num="22" count="2" type="cond" truecount="1" falsecount="1"/>
        <line num="23" count="2" type="stmt"/>
        <line num="24" count="2" type="cond" truecount="1" falsecount="1"/>
        <line num="25" count="2" type="stmt"/>
        <line num="26" count="6" type="cond" truecount="2" falsecount="0"/>
        <line num="27" count="2" type="stmt"/>
        <line num="34" count="2" type="stmt"/>
        <line num="38" count="1" type="stmt"/>
        <line num="39" count="1" type="cond" truecount="1" falsecount="1"/>
        <line num="40" count="1" type="stmt"/>
        <line num="41" count="0" type="stmt"/>
      </file>
    </metrics>
  </project>
</coverage>
