{"C:\\Users\\let_l\\sap003-git\\SAP003-data-lovers\\src\\data.js": {"path":"C:\\Users\\let_l\\sap003-git\\SAP003-data-lovers\\src\\data.js","statementMap":{"0":{"start":{"line":1,"column":0},"end":{"line":44,"column":2}},"1":{"start":{"line":4,"column":4},"end":{"line":5,"column":40}},"2":{"start":{"line":5,"column":6},"end":{"line":5,"column":38}},"3":{"start":{"line":9,"column":4},"end":{"line":14,"column":5}},"4":{"start":{"line":10,"column":6},"end":{"line":10,"column":77}},"5":{"start":{"line":10,"column":41},"end":{"line":10,"column":75}},"6":{"start":{"line":12,"column":9},"end":{"line":14,"column":5}},"7":{"start":{"line":13,"column":6},"end":{"line":13,"column":87}},"8":{"start":{"line":13,"column":41},"end":{"line":13,"column":75}},"9":{"start":{"line":18,"column":25},"end":{"line":18,"column":27}},"10":{"start":{"line":19,"column":4},"end":{"line":33,"column":7}},"11":{"start":{"line":20,"column":6},"end":{"line":32,"column":7}},"12":{"start":{"line":21,"column":8},"end":{"line":21,"column":44}},"13":{"start":{"line":22,"column":8},"end":{"line":31,"column":9}},"14":{"start":{"line":23,"column":27},"end":{"line":23,"column":54}},"15":{"start":{"line":24,"column":10},"end":{"line":30,"column":11}},"16":{"start":{"line":25,"column":12},"end":{"line":29,"column":15}},"17":{"start":{"line":26,"column":14},"end":{"line":28,"column":15}},"18":{"start":{"line":27,"column":16},"end":{"line":27,"column":55}},"19":{"start":{"line":34,"column":4},"end":{"line":34,"column":24}},"20":{"start":{"line":38,"column":4},"end":{"line":42,"column":7}},"21":{"start":{"line":39,"column":6},"end":{"line":41,"column":7}},"22":{"start":{"line":40,"column":8},"end":{"line":40,"column":27}},"23":{"start":{"line":41,"column":8},"end":{"line":41,"column":20}}},"fnMap":{"0":{"name":"(anonymous_0)","decl":{"start":{"line":3,"column":14},"end":{"line":3,"column":15}},"loc":{"start":{"line":3,"column":43},"end":{"line":6,"column":3}},"line":3},"1":{"name":"(anonymous_1)","decl":{"start":{"line":4,"column":23},"end":{"line":4,"column":24}},"loc":{"start":{"line":5,"column":6},"end":{"line":5,"column":38}},"line":5},"2":{"name":"(anonymous_2)","decl":{"start":{"line":8,"column":12},"end":{"line":8,"column":13}},"loc":{"start":{"line":8,"column":41},"end":{"line":15,"column":3}},"line":8},"3":{"name":"(anonymous_3)","decl":{"start":{"line":10,"column":31},"end":{"line":10,"column":32}},"loc":{"start":{"line":10,"column":41},"end":{"line":10,"column":75}},"line":10},"4":{"name":"(anonymous_4)","decl":{"start":{"line":13,"column":31},"end":{"line":13,"column":32}},"loc":{"start":{"line":13,"column":41},"end":{"line":13,"column":75}},"line":13},"5":{"name":"(anonymous_5)","decl":{"start":{"line":17,"column":11},"end":{"line":17,"column":12}},"loc":{"start":{"line":17,"column":32},"end":{"line":35,"column":3}},"line":17},"6":{"name":"(anonymous_6)","decl":{"start":{"line":19,"column":17},"end":{"line":19,"column":18}},"loc":{"start":{"line":19,"column":25},"end":{"line":33,"column":5}},"line":19},"7":{"name":"(anonymous_7)","decl":{"start":{"line":25,"column":39},"end":{"line":25,"column":40}},"loc":{"start":{"line":25,"column":50},"end":{"line":29,"column":13}},"line":25},"8":{"name":"(anonymous_8)","decl":{"start":{"line":37,"column":16},"end":{"line":37,"column":17}},"loc":{"start":{"line":37,"column":26},"end":{"line":43,"column":3}},"line":37},"9":{"name":"(anonymous_9)","decl":{"start":{"line":38,"column":23},"end":{"line":38,"column":24}},"loc":{"start":{"line":38,"column":39},"end":{"line":42,"column":5}},"line":38}},"branchMap":{"0":{"loc":{"start":{"line":9,"column":4},"end":{"line":14,"column":5}},"type":"if","locations":[{"start":{"line":9,"column":4},"end":{"line":14,"column":5}},{"start":{"line":9,"column":4},"end":{"line":14,"column":5}}],"line":9},"1":{"loc":{"start":{"line":12,"column":9},"end":{"line":14,"column":5}},"type":"if","locations":[{"start":{"line":12,"column":9},"end":{"line":14,"column":5}},{"start":{"line":12,"column":9},"end":{"line":14,"column":5}}],"line":12},"2":{"loc":{"start":{"line":20,"column":6},"end":{"line":32,"column":7}},"type":"if","locations":[{"start":{"line":20,"column":6},"end":{"line":32,"column":7}},{"start":{"line":20,"column":6},"end":{"line":32,"column":7}}],"line":20},"3":{"loc":{"start":{"line":22,"column":8},"end":{"line":31,"column":9}},"type":"if","locations":[{"start":{"line":22,"column":8},"end":{"line":31,"column":9}},{"start":{"line":22,"column":8},"end":{"line":31,"column":9}}],"line":22},"4":{"loc":{"start":{"line":24,"column":10},"end":{"line":30,"column":11}},"type":"if","locations":[{"start":{"line":24,"column":10},"end":{"line":30,"column":11}},{"start":{"line":24,"column":10},"end":{"line":30,"column":11}}],"line":24},"5":{"loc":{"start":{"line":26,"column":14},"end":{"line":28,"column":15}},"type":"if","locations":[{"start":{"line":26,"column":14},"end":{"line":28,"column":15}},{"start":{"line":26,"column":14},"end":{"line":28,"column":15}}],"line":26},"6":{"loc":{"start":{"line":39,"column":6},"end":{"line":41,"column":7}},"type":"if","locations":[{"start":{"line":39,"column":6},"end":{"line":41,"column":7}},{"start":{"line":39,"column":6},"end":{"line":41,"column":7}}],"line":39}},"s":{"0":1,"1":1,"2":5,"3":2,"4":1,"5":8,"6":1,"7":1,"8":8,"9":2,"10":2,"11":6,"12":2,"13":2,"14":2,"15":2,"16":2,"17":6,"18":2,"19":2,"20":1,"21":1,"22":1,"23":0},"f":{"0":1,"1":5,"2":2,"3":8,"4":8,"5":2,"6":6,"7":6,"8":1,"9":1},"b":{"0":[1,1],"1":[1,0],"2":[2,4],"3":[2,0],"4":[2,0],"5":[2,4],"6":[1,0]},"_coverageSchema":"332fd63041d2c1bcb487cc26dd0d5f7d97098a6c","hash":"9587bf70ced653157f46da0654af00a001593697"}
}
