TN:
SF:C:\Users\let_l\sap003-git\SAP003-data-lovers\src\data.js
FN:3,(anonymous_0)
FN:4,(anonymous_1)
FN:8,(anonymous_2)
FN:10,(anonymous_3)
FN:13,(anonymous_4)
FN:17,(anonymous_5)
FN:19,(anonymous_6)
FN:25,(anonymous_7)
FN:37,(anonymous_8)
FN:38,(anonymous_9)
FNF:10
FNH:10
FNDA:1,(anonymous_0)
FNDA:5,(anonymous_1)
FNDA:2,(anonymous_2)
FNDA:8,(anonymous_3)
FNDA:8,(anonymous_4)
FNDA:2,(anonymous_5)
FNDA:6,(anonymous_6)
FNDA:6,(anonymous_7)
FNDA:1,(anonymous_8)
FNDA:1,(anonymous_9)
DA:1,1
DA:4,1
DA:5,5
DA:9,2
DA:10,8
DA:12,1
DA:13,8
DA:18,2
DA:19,2
DA:20,6
DA:21,2
DA:22,2
DA:23,2
DA:24,2
DA:25,2
DA:26,6
DA:27,2
DA:34,2
DA:38,1
DA:39,1
DA:40,1
DA:41,0
LF:22
LH:21
BRDA:9,0,0,1
BRDA:9,0,1,1
BRDA:12,1,0,1
BRDA:12,1,1,0
BRDA:20,2,0,2
BRDA:20,2,1,4
BRDA:22,3,0,2
BRDA:22,3,1,0
BRDA:24,4,0,2
BRDA:24,4,1,0
BRDA:26,5,0,2
BRDA:26,5,1,4
BRDA:39,6,0,1
BRDA:39,6,1,0
BRF:14
BRH:10
end_of_record
